This file contains any messages produced by compilers while
running configure, to aid debugging if configure makes a mistake.

It was created by HTSlib configure 1.16-57-gcb8f462, which was
generated by GNU Autoconf 2.71.  Invocation command line was

  $ ./configure --without-libdeflate --disable-libcurl --disable-lzma

## --------- ##
## Platform. ##
## --------- ##

hostname = Kuan-Haos-MacBook-Pro.local
uname -m = arm64
uname -r = 22.3.0
uname -s = Darwin
uname -v = Darwin Kernel Version 22.3.0: Sun Dec  4 18:17:21 PST 2022; root:xnu-8792.80.21.0.2~9/RELEASE_ARM64_T6000

/usr/bin/uname -p = arm
/bin/uname -X     = unknown

/bin/arch              = unknown
/usr/bin/arch -k       = unknown
/usr/convex/getsysinfo = unknown
/usr/bin/hostinfo      = Mach kernel version:
	 Darwin Kernel Version 22.3.0: Sun Dec  4 18:17:21 PST 2022; root:xnu-8792.80.21.0.2~9/RELEASE_ARM64_T6000
Kernel configured for up to 10 processors.
10 processors are physically available.
10 processors are logically available.
Processor type: arm64e (ARM64E)
Processors active: 0 1 2 3 4 5 6 7 8 9
Primary memory available: 16.00 gigabytes
Default processor set: 786 tasks, 5598 threads, 10 processors
Load average: 22.50, Mach factor: 1.26
/bin/machine           = unknown
/usr/bin/oslevel       = unknown
/bin/universe          = unknown

PATH: /Applications/CMake.app/Contents/bin/
PATH: /Applications/Sublime Text.app/Contents/SharedSupport/bin/
PATH: /usr/local/mysql/bin/
PATH: /Users/chaokuan-hao/.gem/ruby/2.6.0/bin/
PATH: /usr/local/bin/ffmpeg/
PATH: /Users/chaokuan-hao/miniconda3/bin/
PATH: /Users/chaokuan-hao/miniconda3/condabin/
PATH: /Users/chaokuan-hao/bin/
PATH: /usr/local/bin/
PATH: /usr/local/bin/
PATH: /System/Cryptexes/App/usr/bin/
PATH: /usr/bin/
PATH: /bin/
PATH: /usr/sbin/
PATH: /sbin/
PATH: /Library/TeX/texbin/
PATH: /opt/X11/bin/
PATH: /Library/Apple/usr/bin/
PATH: /Library/Frameworks/Mono.framework/Versions/Current/Commands/
PATH: /Users/chaokuan-hao/.cargo/bin/


## ----------- ##
## Core tests. ##
## ----------- ##

configure:2415: looking for aux files: config.guess config.sub
configure:2428:  trying ./
configure:2457:   ./config.guess found
configure:2457:   ./config.sub found
configure:2722: checking for gcc
configure:2743: found /usr/bin/gcc
configure:2754: result: gcc
configure:3107: checking for C compiler version
configure:3116: gcc --version >&5
Apple clang version 14.0.0 (clang-1400.0.29.202)
Target: arm64-apple-darwin22.3.0
Thread model: posix
InstalledDir: /Library/Developer/CommandLineTools/usr/bin
configure:3127: $? = 0
configure:3116: gcc -v >&5
Apple clang version 14.0.0 (clang-1400.0.29.202)
Target: arm64-apple-darwin22.3.0
Thread model: posix
InstalledDir: /Library/Developer/CommandLineTools/usr/bin
configure:3127: $? = 0
configure:3116: gcc -V >&5
clang: error: argument to '-V' is missing (expected 1 value)
clang: error: no input files
configure:3127: $? = 1
configure:3116: gcc -qversion >&5
clang: error: unknown argument '-qversion'; did you mean '--version'?
clang: error: no input files
configure:3127: $? = 1
configure:3116: gcc -version >&5
clang: error: unknown argument '-version'; did you mean '--version'?
clang: error: no input files
configure:3127: $? = 1
configure:3147: checking whether the C compiler works
configure:3169: gcc    conftest.c  >&5
configure:3173: $? = 0
configure:3223: result: yes
configure:3226: checking for C compiler default output file name
configure:3228: result: a.out
configure:3234: checking for suffix of executables
configure:3241: gcc -o conftest    conftest.c  >&5
configure:3245: $? = 0
configure:3268: result: 
configure:3290: checking whether we are cross compiling
configure:3298: gcc -o conftest    conftest.c  >&5
configure:3302: $? = 0
configure:3309: ./conftest
configure:3313: $? = 0
configure:3328: result: no
configure:3333: checking for suffix of object files
configure:3356: gcc -c   conftest.c >&5
configure:3360: $? = 0
configure:3382: result: o
configure:3386: checking whether the compiler supports GNU C
configure:3406: gcc -c   conftest.c >&5
configure:3406: $? = 0
configure:3416: result: yes
configure:3427: checking whether gcc accepts -g
configure:3448: gcc -c -g  conftest.c >&5
configure:3448: $? = 0
configure:3492: result: yes
configure:3512: checking for gcc option to enable C11 features
configure:3527: gcc  -c -g -O2  conftest.c >&5
configure:3527: $? = 0
configure:3545: result: none needed
configure:3703: checking for ranlib
configure:3724: found /usr/bin/ranlib
configure:3735: result: ranlib
configure:3758: checking for grep that handles long lines and -e
configure:3822: result: /usr/bin/grep
configure:3850: checking for C compiler warning flags
configure:3983: result: -Wall
configure:4080: checking whether C compiler accepts -mssse3 -mpopcnt -msse4.1
configure:4108: gcc -o conftest  -Wall -g -O2  -mssse3 -mpopcnt -msse4.1   conftest.c  >&5
clang: warning: argument unused during compilation: '-mssse3' [-Wunused-command-line-argument]
clang: warning: argument unused during compilation: '-mpopcnt' [-Wunused-command-line-argument]
clang: warning: argument unused during compilation: '-msse4.1' [-Wunused-command-line-argument]
In file included from conftest.c:10:
In file included from /Library/Developer/CommandLineTools/usr/lib/clang/14.0.0/include/x86intrin.h:15:
/Library/Developer/CommandLineTools/usr/lib/clang/14.0.0/include/immintrin.h:14:2: error: "This header is only meant to be used on x86 and x64 architecture"
#error "This header is only meant to be used on x86 and x64 architecture"
 ^
In file included from conftest.c:10:
In file included from /Library/Developer/CommandLineTools/usr/lib/clang/14.0.0/include/x86intrin.h:15:
In file included from /Library/Developer/CommandLineTools/usr/lib/clang/14.0.0/include/immintrin.h:17:
In file included from /Library/Developer/CommandLineTools/usr/lib/clang/14.0.0/include/x86gprintrin.h:15:
/Library/Developer/CommandLineTools/usr/lib/clang/14.0.0/include/hresetintrin.h:42:27: error: invalid input constraint 'a' in asm
  __asm__ ("hreset $0" :: "a"(__eax));
                          ^
In file included from conftest.c:10:
In file included from /Library/Developer/CommandLineTools/usr/lib/clang/14.0.0/include/x86intrin.h:15:
In file included from /Library/Developer/CommandLineTools/usr/lib/clang/14.0.0/include/immintrin.h:21:
/Library/Developer/CommandLineTools/usr/lib/clang/14.0.0/include/mmintrin.h:14:2: error: "This header is only meant to be used on x86 and x64 architecture"
#error "This header is only meant to be used on x86 and x64 architecture"
 ^
/Library/Developer/CommandLineTools/usr/lib/clang/14.0.0/include/mmintrin.h:54:12: error: invalid conversion between vector type '__m64' (vector of 1 'long long' value) and integer type 'int' of different size
    return (__m64)__builtin_ia32_vec_init_v2si(__i, 0);
           ^~~~~~~~~~~~~~~~~~~~~~~~~~~~~~~~~~~~~~~~~~~
/Library/Developer/CommandLineTools/usr/lib/clang/14.0.0/include/mmintrin.h:133:12: error: invalid conversion between vector type '__m64' (vector of 1 'long long' value) and integer type 'int' of different size
    return (__m64)__builtin_ia32_packsswb((__v4hi)__m1, (__v4hi)__m2);
           ^~~~~~~~~~~~~~~~~~~~~~~~~~~~~~~~~~~~~~~~~~~~~~~~~~~~~~~~~~
/Library/Developer/CommandLineTools/usr/lib/clang/14.0.0/include/mmintrin.h:163:12: error: invalid conversion between vector type '__m64' (vector of 1 'long long' value) and integer type 'int' of different size
    return (__m64)__builtin_ia32_packssdw((__v2si)__m1, (__v2si)__m2);
           ^~~~~~~~~~~~~~~~~~~~~~~~~~~~~~~~~~~~~~~~~~~~~~~~~~~~~~~~~~
/Library/Developer/CommandLineTools/usr/lib/clang/14.0.0/include/mmintrin.h:193:12: error: invalid conversion between vector type '__m64' (vector of 1 'long long' value) and integer type 'int' of different size
    return (__m64)__builtin_ia32_packuswb((__v4hi)__m1, (__v4hi)__m2);
           ^~~~~~~~~~~~~~~~~~~~~~~~~~~~~~~~~~~~~~~~~~~~~~~~~~~~~~~~~~
/Library/Developer/CommandLineTools/usr/lib/clang/14.0.0/include/mmintrin.h:220:12: error: invalid conversion between vector type '__m64' (vector of 1 'long long' value) and integer type 'int' of different size
    return (__m64)__builtin_ia32_punpckhbw((__v8qi)__m1, (__v8qi)__m2);
           ^~~~~~~~~~~~~~~~~~~~~~~~~~~~~~~~~~~~~~~~~~~~~~~~~~~~~~~~~~~
/Library/Developer/CommandLineTools/usr/lib/clang/14.0.0/include/mmintrin.h:243:12: error: invalid conversion between vector type '__m64' (vector of 1 'long long' value) and integer type 'int' of different size
    return (__m64)__builtin_ia32_punpckhwd((__v4hi)__m1, (__v4hi)__m2);
           ^~~~~~~~~~~~~~~~~~~~~~~~~~~~~~~~~~~~~~~~~~~~~~~~~~~~~~~~~~~
/Library/Developer/CommandLineTools/usr/lib/clang/14.0.0/include/mmintrin.h:264:12: error: invalid conversion between vector type '__m64' (vector of 1 'long long' value) and integer type 'int' of different size
    return (__m64)__builtin_ia32_punpckhdq((__v2si)__m1, (__v2si)__m2);
           ^~~~~~~~~~~~~~~~~~~~~~~~~~~~~~~~~~~~~~~~~~~~~~~~~~~~~~~~~~~
/Library/Developer/CommandLineTools/usr/lib/clang/14.0.0/include/mmintrin.h:291:12: error: invalid conversion between vector type '__m64' (vector of 1 'long long' value) and integer type 'int' of different size
    return (__m64)__builtin_ia32_punpcklbw((__v8qi)__m1, (__v8qi)__m2);
           ^~~~~~~~~~~~~~~~~~~~~~~~~~~~~~~~~~~~~~~~~~~~~~~~~~~~~~~~~~~
/Library/Developer/CommandLineTools/usr/lib/clang/14.0.0/include/mmintrin.h:314:12: error: invalid conversion between vector type '__m64' (vector of 1 'long long' value) and integer type 'int' of different size
    return (__m64)__builtin_ia32_punpcklwd((__v4hi)__m1, (__v4hi)__m2);
           ^~~~~~~~~~~~~~~~~~~~~~~~~~~~~~~~~~~~~~~~~~~~~~~~~~~~~~~~~~~
/Library/Developer/CommandLineTools/usr/lib/clang/14.0.0/include/mmintrin.h:335:12: error: invalid conversion between vector type '__m64' (vector of 1 'long long' value) and integer type 'int' of different size
    return (__m64)__builtin_ia32_punpckldq((__v2si)__m1, (__v2si)__m2);
           ^~~~~~~~~~~~~~~~~~~~~~~~~~~~~~~~~~~~~~~~~~~~~~~~~~~~~~~~~~~
/Library/Developer/CommandLineTools/usr/lib/clang/14.0.0/include/mmintrin.h:356:12: error: invalid conversion between vector type '__m64' (vector of 1 'long long' value) and integer type 'int' of different size
    return (__m64)__builtin_ia32_paddb((__v8qi)__m1, (__v8qi)__m2);
           ^~~~~~~~~~~~~~~~~~~~~~~~~~~~~~~~~~~~~~~~~~~~~~~~~~~~~~~
/Library/Developer/CommandLineTools/usr/lib/clang/14.0.0/include/mmintrin.h:377:12: error: invalid conversion between vector type '__m64' (vector of 1 'long long' value) and integer type 'int' of different size
    return (__m64)__builtin_ia32_paddw((__v4hi)__m1, (__v4hi)__m2);
           ^~~~~~~~~~~~~~~~~~~~~~~~~~~~~~~~~~~~~~~~~~~~~~~~~~~~~~~
/Library/Developer/CommandLineTools/usr/lib/clang/14.0.0/include/mmintrin.h:398:12: error: invalid conversion between vector type '__m64' (vector of 1 'long long' value) and integer type 'int' of different size
    return (__m64)__builtin_ia32_paddd((__v2si)__m1, (__v2si)__m2);
           ^~~~~~~~~~~~~~~~~~~~~~~~~~~~~~~~~~~~~~~~~~~~~~~~~~~~~~~
/Library/Developer/CommandLineTools/usr/lib/clang/14.0.0/include/mmintrin.h:420:12: error: invalid conversion between vector type '__m64' (vector of 1 'long long' value) and integer type 'int' of different size
    return (__m64)__builtin_ia32_paddsb((__v8qi)__m1, (__v8qi)__m2);
           ^~~~~~~~~~~~~~~~~~~~~~~~~~~~~~~~~~~~~~~~~~~~~~~~~~~~~~~~
/Library/Developer/CommandLineTools/usr/lib/clang/14.0.0/include/mmintrin.h:443:12: error: invalid conversion between vector type '__m64' (vector of 1 'long long' value) and integer type 'int' of different size
    return (__m64)__builtin_ia32_paddsw((__v4hi)__m1, (__v4hi)__m2);
           ^~~~~~~~~~~~~~~~~~~~~~~~~~~~~~~~~~~~~~~~~~~~~~~~~~~~~~~~
/Library/Developer/CommandLineTools/usr/lib/clang/14.0.0/include/mmintrin.h:465:12: error: invalid conversion between vector type '__m64' (vector of 1 'long long' value) and integer type 'int' of different size
    return (__m64)__builtin_ia32_paddusb((__v8qi)__m1, (__v8qi)__m2);
           ^~~~~~~~~~~~~~~~~~~~~~~~~~~~~~~~~~~~~~~~~~~~~~~~~~~~~~~~~
fatal error: too many errors emitted, stopping now [-ferror-limit=]
20 errors generated.
configure:4108: $? = 1
configure: failed program was:
| /* confdefs.h */
| #define PACKAGE_NAME "HTSlib"
| #define PACKAGE_TARNAME "htslib"
| #define PACKAGE_VERSION "1.16-57-gcb8f462"
| #define PACKAGE_STRING "HTSlib 1.16-57-gcb8f462"
| #define PACKAGE_BUGREPORT "samtools-help@lists.sourceforge.net"
| #define PACKAGE_URL "http://www.htslib.org/"
| /* end confdefs.h.  */
| 
|     #include "x86intrin.h"
| 
| int
| main (void)
| {
| 
|     unsigned int i = _mm_popcnt_u32(1);
|     __m128i a = _mm_set_epi32(1, 2, 3, i), b = _mm_set_epi32(4, 3, 2, 1);
|     __m128i c = _mm_max_epu32(a, b);
|     b = _mm_shuffle_epi8(a, c);
|     return *((char *) &b);
| 
|   ;
|   return 0;
| }
configure:4118: result: no
configure:4143: checking whether C compiler accepts -mavx2
configure:4170: gcc -o conftest  -Wall -g -O2  -mavx2   conftest.c  >&5
clang: warning: argument unused during compilation: '-mavx2' [-Wunused-command-line-argument]
In file included from conftest.c:10:
In file included from /Library/Developer/CommandLineTools/usr/lib/clang/14.0.0/include/x86intrin.h:15:
/Library/Developer/CommandLineTools/usr/lib/clang/14.0.0/include/immintrin.h:14:2: error: "This header is only meant to be used on x86 and x64 architecture"
#error "This header is only meant to be used on x86 and x64 architecture"
 ^
In file included from conftest.c:10:
In file included from /Library/Developer/CommandLineTools/usr/lib/clang/14.0.0/include/x86intrin.h:15:
In file included from /Library/Developer/CommandLineTools/usr/lib/clang/14.0.0/include/immintrin.h:17:
In file included from /Library/Developer/CommandLineTools/usr/lib/clang/14.0.0/include/x86gprintrin.h:15:
/Library/Developer/CommandLineTools/usr/lib/clang/14.0.0/include/hresetintrin.h:42:27: error: invalid input constraint 'a' in asm
  __asm__ ("hreset $0" :: "a"(__eax));
                          ^
In file included from conftest.c:10:
In file included from /Library/Developer/CommandLineTools/usr/lib/clang/14.0.0/include/x86intrin.h:15:
In file included from /Library/Developer/CommandLineTools/usr/lib/clang/14.0.0/include/immintrin.h:21:
/Library/Developer/CommandLineTools/usr/lib/clang/14.0.0/include/mmintrin.h:14:2: error: "This header is only meant to be used on x86 and x64 architecture"
#error "This header is only meant to be used on x86 and x64 architecture"
 ^
/Library/Developer/CommandLineTools/usr/lib/clang/14.0.0/include/mmintrin.h:54:12: error: invalid conversion between vector type '__m64' (vector of 1 'long long' value) and integer type 'int' of different size
    return (__m64)__builtin_ia32_vec_init_v2si(__i, 0);
           ^~~~~~~~~~~~~~~~~~~~~~~~~~~~~~~~~~~~~~~~~~~
/Library/Developer/CommandLineTools/usr/lib/clang/14.0.0/include/mmintrin.h:133:12: error: invalid conversion between vector type '__m64' (vector of 1 'long long' value) and integer type 'int' of different size
    return (__m64)__builtin_ia32_packsswb((__v4hi)__m1, (__v4hi)__m2);
           ^~~~~~~~~~~~~~~~~~~~~~~~~~~~~~~~~~~~~~~~~~~~~~~~~~~~~~~~~~
/Library/Developer/CommandLineTools/usr/lib/clang/14.0.0/include/mmintrin.h:163:12: error: invalid conversion between vector type '__m64' (vector of 1 'long long' value) and integer type 'int' of different size
    return (__m64)__builtin_ia32_packssdw((__v2si)__m1, (__v2si)__m2);
           ^~~~~~~~~~~~~~~~~~~~~~~~~~~~~~~~~~~~~~~~~~~~~~~~~~~~~~~~~~
/Library/Developer/CommandLineTools/usr/lib/clang/14.0.0/include/mmintrin.h:193:12: error: invalid conversion between vector type '__m64' (vector of 1 'long long' value) and integer type 'int' of different size
    return (__m64)__builtin_ia32_packuswb((__v4hi)__m1, (__v4hi)__m2);
           ^~~~~~~~~~~~~~~~~~~~~~~~~~~~~~~~~~~~~~~~~~~~~~~~~~~~~~~~~~
/Library/Developer/CommandLineTools/usr/lib/clang/14.0.0/include/mmintrin.h:220:12: error: invalid conversion between vector type '__m64' (vector of 1 'long long' value) and integer type 'int' of different size
    return (__m64)__builtin_ia32_punpckhbw((__v8qi)__m1, (__v8qi)__m2);
           ^~~~~~~~~~~~~~~~~~~~~~~~~~~~~~~~~~~~~~~~~~~~~~~~~~~~~~~~~~~
/Library/Developer/CommandLineTools/usr/lib/clang/14.0.0/include/mmintrin.h:243:12: error: invalid conversion between vector type '__m64' (vector of 1 'long long' value) and integer type 'int' of different size
    return (__m64)__builtin_ia32_punpckhwd((__v4hi)__m1, (__v4hi)__m2);
           ^~~~~~~~~~~~~~~~~~~~~~~~~~~~~~~~~~~~~~~~~~~~~~~~~~~~~~~~~~~
/Library/Developer/CommandLineTools/usr/lib/clang/14.0.0/include/mmintrin.h:264:12: error: invalid conversion between vector type '__m64' (vector of 1 'long long' value) and integer type 'int' of different size
    return (__m64)__builtin_ia32_punpckhdq((__v2si)__m1, (__v2si)__m2);
           ^~~~~~~~~~~~~~~~~~~~~~~~~~~~~~~~~~~~~~~~~~~~~~~~~~~~~~~~~~~
/Library/Developer/CommandLineTools/usr/lib/clang/14.0.0/include/mmintrin.h:291:12: error: invalid conversion between vector type '__m64' (vector of 1 'long long' value) and integer type 'int' of different size
    return (__m64)__builtin_ia32_punpcklbw((__v8qi)__m1, (__v8qi)__m2);
           ^~~~~~~~~~~~~~~~~~~~~~~~~~~~~~~~~~~~~~~~~~~~~~~~~~~~~~~~~~~
/Library/Developer/CommandLineTools/usr/lib/clang/14.0.0/include/mmintrin.h:314:12: error: invalid conversion between vector type '__m64' (vector of 1 'long long' value) and integer type 'int' of different size
    return (__m64)__builtin_ia32_punpcklwd((__v4hi)__m1, (__v4hi)__m2);
           ^~~~~~~~~~~~~~~~~~~~~~~~~~~~~~~~~~~~~~~~~~~~~~~~~~~~~~~~~~~
/Library/Developer/CommandLineTools/usr/lib/clang/14.0.0/include/mmintrin.h:335:12: error: invalid conversion between vector type '__m64' (vector of 1 'long long' value) and integer type 'int' of different size
    return (__m64)__builtin_ia32_punpckldq((__v2si)__m1, (__v2si)__m2);
           ^~~~~~~~~~~~~~~~~~~~~~~~~~~~~~~~~~~~~~~~~~~~~~~~~~~~~~~~~~~
/Library/Developer/CommandLineTools/usr/lib/clang/14.0.0/include/mmintrin.h:356:12: error: invalid conversion between vector type '__m64' (vector of 1 'long long' value) and integer type 'int' of different size
    return (__m64)__builtin_ia32_paddb((__v8qi)__m1, (__v8qi)__m2);
           ^~~~~~~~~~~~~~~~~~~~~~~~~~~~~~~~~~~~~~~~~~~~~~~~~~~~~~~
/Library/Developer/CommandLineTools/usr/lib/clang/14.0.0/include/mmintrin.h:377:12: error: invalid conversion between vector type '__m64' (vector of 1 'long long' value) and integer type 'int' of different size
    return (__m64)__builtin_ia32_paddw((__v4hi)__m1, (__v4hi)__m2);
           ^~~~~~~~~~~~~~~~~~~~~~~~~~~~~~~~~~~~~~~~~~~~~~~~~~~~~~~
/Library/Developer/CommandLineTools/usr/lib/clang/14.0.0/include/mmintrin.h:398:12: error: invalid conversion between vector type '__m64' (vector of 1 'long long' value) and integer type 'int' of different size
    return (__m64)__builtin_ia32_paddd((__v2si)__m1, (__v2si)__m2);
           ^~~~~~~~~~~~~~~~~~~~~~~~~~~~~~~~~~~~~~~~~~~~~~~~~~~~~~~
/Library/Developer/CommandLineTools/usr/lib/clang/14.0.0/include/mmintrin.h:420:12: error: invalid conversion between vector type '__m64' (vector of 1 'long long' value) and integer type 'int' of different size
    return (__m64)__builtin_ia32_paddsb((__v8qi)__m1, (__v8qi)__m2);
           ^~~~~~~~~~~~~~~~~~~~~~~~~~~~~~~~~~~~~~~~~~~~~~~~~~~~~~~~
/Library/Developer/CommandLineTools/usr/lib/clang/14.0.0/include/mmintrin.h:443:12: error: invalid conversion between vector type '__m64' (vector of 1 'long long' value) and integer type 'int' of different size
    return (__m64)__builtin_ia32_paddsw((__v4hi)__m1, (__v4hi)__m2);
           ^~~~~~~~~~~~~~~~~~~~~~~~~~~~~~~~~~~~~~~~~~~~~~~~~~~~~~~~
/Library/Developer/CommandLineTools/usr/lib/clang/14.0.0/include/mmintrin.h:465:12: error: invalid conversion between vector type '__m64' (vector of 1 'long long' value) and integer type 'int' of different size
    return (__m64)__builtin_ia32_paddusb((__v8qi)__m1, (__v8qi)__m2);
           ^~~~~~~~~~~~~~~~~~~~~~~~~~~~~~~~~~~~~~~~~~~~~~~~~~~~~~~~~
fatal error: too many errors emitted, stopping now [-ferror-limit=]
20 errors generated.
configure:4170: $? = 1
configure: failed program was:
| /* confdefs.h */
| #define PACKAGE_NAME "HTSlib"
| #define PACKAGE_TARNAME "htslib"
| #define PACKAGE_VERSION "1.16-57-gcb8f462"
| #define PACKAGE_STRING "HTSlib 1.16-57-gcb8f462"
| #define PACKAGE_BUGREPORT "samtools-help@lists.sourceforge.net"
| #define PACKAGE_URL "http://www.htslib.org/"
| /* end confdefs.h.  */
| 
|   #include "x86intrin.h"
| 
| int
| main (void)
| {
| 
|     __m256i a = _mm256_set_epi32(1, 2, 3, 4, 5, 6, 7, 8);
|     __m256i b = _mm256_add_epi32(a, a);
|     long long c = _mm256_extract_epi64(b, 0);
|     return (int) c;
| 
|   ;
|   return 0;
| }
configure:4180: result: no
configure:4196: checking whether C compiler accepts -mavx512f
configure:4222: gcc -o conftest  -Wall -g -O2  -mavx512f   conftest.c  >&5
clang: warning: argument unused during compilation: '-mavx512f' [-Wunused-command-line-argument]
In file included from conftest.c:10:
In file included from /Library/Developer/CommandLineTools/usr/lib/clang/14.0.0/include/x86intrin.h:15:
/Library/Developer/CommandLineTools/usr/lib/clang/14.0.0/include/immintrin.h:14:2: error: "This header is only meant to be used on x86 and x64 architecture"
#error "This header is only meant to be used on x86 and x64 architecture"
 ^
In file included from conftest.c:10:
In file included from /Library/Developer/CommandLineTools/usr/lib/clang/14.0.0/include/x86intrin.h:15:
In file included from /Library/Developer/CommandLineTools/usr/lib/clang/14.0.0/include/immintrin.h:17:
In file included from /Library/Developer/CommandLineTools/usr/lib/clang/14.0.0/include/x86gprintrin.h:15:
/Library/Developer/CommandLineTools/usr/lib/clang/14.0.0/include/hresetintrin.h:42:27: error: invalid input constraint 'a' in asm
  __asm__ ("hreset $0" :: "a"(__eax));
                          ^
In file included from conftest.c:10:
In file included from /Library/Developer/CommandLineTools/usr/lib/clang/14.0.0/include/x86intrin.h:15:
In file included from /Library/Developer/CommandLineTools/usr/lib/clang/14.0.0/include/immintrin.h:21:
/Library/Developer/CommandLineTools/usr/lib/clang/14.0.0/include/mmintrin.h:14:2: error: "This header is only meant to be used on x86 and x64 architecture"
#error "This header is only meant to be used on x86 and x64 architecture"
 ^
/Library/Developer/CommandLineTools/usr/lib/clang/14.0.0/include/mmintrin.h:54:12: error: invalid conversion between vector type '__m64' (vector of 1 'long long' value) and integer type 'int' of different size
    return (__m64)__builtin_ia32_vec_init_v2si(__i, 0);
           ^~~~~~~~~~~~~~~~~~~~~~~~~~~~~~~~~~~~~~~~~~~
/Library/Developer/CommandLineTools/usr/lib/clang/14.0.0/include/mmintrin.h:133:12: error: invalid conversion between vector type '__m64' (vector of 1 'long long' value) and integer type 'int' of different size
    return (__m64)__builtin_ia32_packsswb((__v4hi)__m1, (__v4hi)__m2);
           ^~~~~~~~~~~~~~~~~~~~~~~~~~~~~~~~~~~~~~~~~~~~~~~~~~~~~~~~~~
/Library/Developer/CommandLineTools/usr/lib/clang/14.0.0/include/mmintrin.h:163:12: error: invalid conversion between vector type '__m64' (vector of 1 'long long' value) and integer type 'int' of different size
    return (__m64)__builtin_ia32_packssdw((__v2si)__m1, (__v2si)__m2);
           ^~~~~~~~~~~~~~~~~~~~~~~~~~~~~~~~~~~~~~~~~~~~~~~~~~~~~~~~~~
/Library/Developer/CommandLineTools/usr/lib/clang/14.0.0/include/mmintrin.h:193:12: error: invalid conversion between vector type '__m64' (vector of 1 'long long' value) and integer type 'int' of different size
    return (__m64)__builtin_ia32_packuswb((__v4hi)__m1, (__v4hi)__m2);
           ^~~~~~~~~~~~~~~~~~~~~~~~~~~~~~~~~~~~~~~~~~~~~~~~~~~~~~~~~~
/Library/Developer/CommandLineTools/usr/lib/clang/14.0.0/include/mmintrin.h:220:12: error: invalid conversion between vector type '__m64' (vector of 1 'long long' value) and integer type 'int' of different size
    return (__m64)__builtin_ia32_punpckhbw((__v8qi)__m1, (__v8qi)__m2);
           ^~~~~~~~~~~~~~~~~~~~~~~~~~~~~~~~~~~~~~~~~~~~~~~~~~~~~~~~~~~
/Library/Developer/CommandLineTools/usr/lib/clang/14.0.0/include/mmintrin.h:243:12: error: invalid conversion between vector type '__m64' (vector of 1 'long long' value) and integer type 'int' of different size
    return (__m64)__builtin_ia32_punpckhwd((__v4hi)__m1, (__v4hi)__m2);
           ^~~~~~~~~~~~~~~~~~~~~~~~~~~~~~~~~~~~~~~~~~~~~~~~~~~~~~~~~~~
/Library/Developer/CommandLineTools/usr/lib/clang/14.0.0/include/mmintrin.h:264:12: error: invalid conversion between vector type '__m64' (vector of 1 'long long' value) and integer type 'int' of different size
    return (__m64)__builtin_ia32_punpckhdq((__v2si)__m1, (__v2si)__m2);
           ^~~~~~~~~~~~~~~~~~~~~~~~~~~~~~~~~~~~~~~~~~~~~~~~~~~~~~~~~~~
/Library/Developer/CommandLineTools/usr/lib/clang/14.0.0/include/mmintrin.h:291:12: error: invalid conversion between vector type '__m64' (vector of 1 'long long' value) and integer type 'int' of different size
    return (__m64)__builtin_ia32_punpcklbw((__v8qi)__m1, (__v8qi)__m2);
           ^~~~~~~~~~~~~~~~~~~~~~~~~~~~~~~~~~~~~~~~~~~~~~~~~~~~~~~~~~~
/Library/Developer/CommandLineTools/usr/lib/clang/14.0.0/include/mmintrin.h:314:12: error: invalid conversion between vector type '__m64' (vector of 1 'long long' value) and integer type 'int' of different size
    return (__m64)__builtin_ia32_punpcklwd((__v4hi)__m1, (__v4hi)__m2);
           ^~~~~~~~~~~~~~~~~~~~~~~~~~~~~~~~~~~~~~~~~~~~~~~~~~~~~~~~~~~
/Library/Developer/CommandLineTools/usr/lib/clang/14.0.0/include/mmintrin.h:335:12: error: invalid conversion between vector type '__m64' (vector of 1 'long long' value) and integer type 'int' of different size
    return (__m64)__builtin_ia32_punpckldq((__v2si)__m1, (__v2si)__m2);
           ^~~~~~~~~~~~~~~~~~~~~~~~~~~~~~~~~~~~~~~~~~~~~~~~~~~~~~~~~~~
/Library/Developer/CommandLineTools/usr/lib/clang/14.0.0/include/mmintrin.h:356:12: error: invalid conversion between vector type '__m64' (vector of 1 'long long' value) and integer type 'int' of different size
    return (__m64)__builtin_ia32_paddb((__v8qi)__m1, (__v8qi)__m2);
           ^~~~~~~~~~~~~~~~~~~~~~~~~~~~~~~~~~~~~~~~~~~~~~~~~~~~~~~
/Library/Developer/CommandLineTools/usr/lib/clang/14.0.0/include/mmintrin.h:377:12: error: invalid conversion between vector type '__m64' (vector of 1 'long long' value) and integer type 'int' of different size
    return (__m64)__builtin_ia32_paddw((__v4hi)__m1, (__v4hi)__m2);
           ^~~~~~~~~~~~~~~~~~~~~~~~~~~~~~~~~~~~~~~~~~~~~~~~~~~~~~~
/Library/Developer/CommandLineTools/usr/lib/clang/14.0.0/include/mmintrin.h:398:12: error: invalid conversion between vector type '__m64' (vector of 1 'long long' value) and integer type 'int' of different size
    return (__m64)__builtin_ia32_paddd((__v2si)__m1, (__v2si)__m2);
           ^~~~~~~~~~~~~~~~~~~~~~~~~~~~~~~~~~~~~~~~~~~~~~~~~~~~~~~
/Library/Developer/CommandLineTools/usr/lib/clang/14.0.0/include/mmintrin.h:420:12: error: invalid conversion between vector type '__m64' (vector of 1 'long long' value) and integer type 'int' of different size
    return (__m64)__builtin_ia32_paddsb((__v8qi)__m1, (__v8qi)__m2);
           ^~~~~~~~~~~~~~~~~~~~~~~~~~~~~~~~~~~~~~~~~~~~~~~~~~~~~~~~
/Library/Developer/CommandLineTools/usr/lib/clang/14.0.0/include/mmintrin.h:443:12: error: invalid conversion between vector type '__m64' (vector of 1 'long long' value) and integer type 'int' of different size
    return (__m64)__builtin_ia32_paddsw((__v4hi)__m1, (__v4hi)__m2);
           ^~~~~~~~~~~~~~~~~~~~~~~~~~~~~~~~~~~~~~~~~~~~~~~~~~~~~~~~
/Library/Developer/CommandLineTools/usr/lib/clang/14.0.0/include/mmintrin.h:465:12: error: invalid conversion between vector type '__m64' (vector of 1 'long long' value) and integer type 'int' of different size
    return (__m64)__builtin_ia32_paddusb((__v8qi)__m1, (__v8qi)__m2);
           ^~~~~~~~~~~~~~~~~~~~~~~~~~~~~~~~~~~~~~~~~~~~~~~~~~~~~~~~~
fatal error: too many errors emitted, stopping now [-ferror-limit=]
20 errors generated.
configure:4222: $? = 1
configure: failed program was:
| /* confdefs.h */
| #define PACKAGE_NAME "HTSlib"
| #define PACKAGE_TARNAME "htslib"
| #define PACKAGE_VERSION "1.16-57-gcb8f462"
| #define PACKAGE_STRING "HTSlib 1.16-57-gcb8f462"
| #define PACKAGE_BUGREPORT "samtools-help@lists.sourceforge.net"
| #define PACKAGE_URL "http://www.htslib.org/"
| /* end confdefs.h.  */
| 
|     #include "x86intrin.h"
| 
| int
| main (void)
| {
| 
|     __m512i a = _mm512_set1_epi32(1);
|     __m512i b = _mm512_add_epi32(a, a);
|     return *((char *) &b);
| 
|   ;
|   return 0;
| }
configure:4232: result: no
configure:4248: checking whether C compiler supports ARM Neon
configure:4273: gcc -c  -Wall -g -O2  conftest.c >&5
configure:4273: $? = 0
configure:4281: result: yes
configure:4348: checking for pkg-config
configure:4371: found /usr/local/bin/pkg-config
configure:4383: result: /usr/local/bin/pkg-config
configure:4408: checking pkg-config is at least version 0.9.0
configure:4411: result: yes
configure:4461: checking for special C compiler options needed for large files
configure:4509: result: no
configure:4515: checking for _FILE_OFFSET_BITS value needed for large files
configure:4541: gcc -c  -Wall -g -O2  conftest.c >&5
configure:4541: $? = 0
configure:4575: result: no
configure:4756: checking shared library type for unknown-Darwin
configure:4784: result: Darwin dylib
configure:4840: checking whether the compiler accepts -fvisibility=hidden
configure:4861: gcc -o conftest  -Wall -g -O2 -fvisibility=hidden   -fvisibility=hidden conftest.c  >&5
configure:4861: $? = 0
configure:4876: result: yes
configure:4937: checking build system type
configure:4952: result: aarch64-apple-darwin22.3.0
configure:4972: checking host system type
configure:4986: result: aarch64-apple-darwin22.3.0
configure:5010: checking for stdio.h
configure:5010: gcc -c  -Wall -g -O2 -fvisibility=hidden  conftest.c >&5
configure:5010: $? = 0
configure:5010: result: yes
configure:5010: checking for stdlib.h
configure:5010: gcc -c  -Wall -g -O2 -fvisibility=hidden  conftest.c >&5
configure:5010: $? = 0
configure:5010: result: yes
configure:5010: checking for string.h
configure:5010: gcc -c  -Wall -g -O2 -fvisibility=hidden  conftest.c >&5
configure:5010: $? = 0
configure:5010: result: yes
configure:5010: checking for inttypes.h
configure:5010: gcc -c  -Wall -g -O2 -fvisibility=hidden  conftest.c >&5
configure:5010: $? = 0
configure:5010: result: yes
configure:5010: checking for stdint.h
configure:5010: gcc -c  -Wall -g -O2 -fvisibility=hidden  conftest.c >&5
configure:5010: $? = 0
configure:5010: result: yes
configure:5010: checking for strings.h
configure:5010: gcc -c  -Wall -g -O2 -fvisibility=hidden  conftest.c >&5
configure:5010: $? = 0
configure:5010: result: yes
configure:5010: checking for sys/stat.h
configure:5010: gcc -c  -Wall -g -O2 -fvisibility=hidden  conftest.c >&5
configure:5010: $? = 0
configure:5010: result: yes
configure:5010: checking for sys/types.h
configure:5010: gcc -c  -Wall -g -O2 -fvisibility=hidden  conftest.c >&5
configure:5010: $? = 0
configure:5010: result: yes
configure:5010: checking for unistd.h
configure:5010: gcc -c  -Wall -g -O2 -fvisibility=hidden  conftest.c >&5
configure:5010: $? = 0
configure:5010: result: yes
configure:5010: checking for sys/param.h
configure:5010: gcc -c  -Wall -g -O2 -fvisibility=hidden  conftest.c >&5
configure:5010: $? = 0
configure:5010: result: yes
configure:5040: checking for getpagesize
configure:5040: gcc -o conftest  -Wall -g -O2 -fvisibility=hidden   -fvisibility=hidden conftest.c  >&5
configure:5040: $? = 0
configure:5040: result: yes
configure:5051: checking for working mmap
configure:5203: gcc -o conftest  -Wall -g -O2 -fvisibility=hidden   -fvisibility=hidden conftest.c  >&5
configure:5203: $? = 0
configure:5203: ./conftest
configure:5203: $? = 0
configure:5214: result: yes
configure:5223: checking for gmtime_r
configure:5223: gcc -o conftest  -Wall -g -O2 -fvisibility=hidden   -fvisibility=hidden conftest.c  >&5
configure:5223: $? = 0
configure:5223: result: yes
configure:5229: checking for fsync
configure:5229: gcc -o conftest  -Wall -g -O2 -fvisibility=hidden   -fvisibility=hidden conftest.c  >&5
configure:5229: $? = 0
configure:5229: result: yes
configure:5235: checking for drand48
configure:5235: gcc -o conftest  -Wall -g -O2 -fvisibility=hidden   -fvisibility=hidden conftest.c  >&5
configure:5235: $? = 0
configure:5235: result: yes
configure:5241: checking for srand48_deterministic
configure:5241: gcc -o conftest  -Wall -g -O2 -fvisibility=hidden   -fvisibility=hidden conftest.c  >&5
Undefined symbols for architecture arm64:
  "_srand48_deterministic", referenced from:
      _main in conftest-fb33a4.o
ld: symbol(s) not found for architecture arm64
clang: error: linker command failed with exit code 1 (use -v to see invocation)
configure:5241: $? = 1
configure: failed program was:
| /* confdefs.h */
| #define PACKAGE_NAME "HTSlib"
| #define PACKAGE_TARNAME "htslib"
| #define PACKAGE_VERSION "1.16-57-gcb8f462"
| #define PACKAGE_STRING "HTSlib 1.16-57-gcb8f462"
| #define PACKAGE_BUGREPORT "samtools-help@lists.sourceforge.net"
| #define PACKAGE_URL "http://www.htslib.org/"
| #define HAVE_STDIO_H 1
| #define HAVE_STDLIB_H 1
| #define HAVE_STRING_H 1
| #define HAVE_INTTYPES_H 1
| #define HAVE_STDINT_H 1
| #define HAVE_STRINGS_H 1
| #define HAVE_SYS_STAT_H 1
| #define HAVE_SYS_TYPES_H 1
| #define HAVE_UNISTD_H 1
| #define HAVE_SYS_PARAM_H 1
| #define STDC_HEADERS 1
| #define HAVE_GETPAGESIZE 1
| #define HAVE_MMAP 1
| #define HAVE_GMTIME_R 1
| #define HAVE_FSYNC 1
| #define HAVE_DRAND48 1
| /* end confdefs.h.  */
| /* Define srand48_deterministic to an innocuous variant, in case <limits.h> declares srand48_deterministic.
|    For example, HP-UX 11i <limits.h> declares gettimeofday.  */
| #define srand48_deterministic innocuous_srand48_deterministic
| 
| /* System header to define __stub macros and hopefully few prototypes,
|    which can conflict with char srand48_deterministic (); below.  */
| 
| #include <limits.h>
| #undef srand48_deterministic
| 
| /* Override any GCC internal prototype to avoid an error.
|    Use char because int might match the return type of a GCC
|    builtin and then its argument prototype would still apply.  */
| #ifdef __cplusplus
| extern "C"
| #endif
| char srand48_deterministic ();
| /* The GNU C library defines this for functions which it implements
|     to always fail with ENOSYS.  Some functions are actually named
|     something starting with __ and the normal name is an alias.  */
| #if defined __stub_srand48_deterministic || defined __stub___srand48_deterministic
| choke me
| #endif
| 
| int
| main (void)
| {
| return srand48_deterministic ();
|   ;
|   return 0;
| }
configure:5241: result: no
configure:5250: checking for gcc options needed to detect all undeclared functions
configure:5272: gcc -c  -Wall -g -O2 -fvisibility=hidden   conftest.c >&5
conftest.c:29:8: error: implicitly declaring library function 'strchr' with type 'char *(const char *, int)' [-Werror,-Wimplicit-function-declaration]
(void) strchr;
       ^
conftest.c:29:8: note: include the header <string.h> or explicitly provide a declaration for 'strchr'
1 error generated.
configure:5272: $? = 1
configure: failed program was:
| /* confdefs.h */
| #define PACKAGE_NAME "HTSlib"
| #define PACKAGE_TARNAME "htslib"
| #define PACKAGE_VERSION "1.16-57-gcb8f462"
| #define PACKAGE_STRING "HTSlib 1.16-57-gcb8f462"
| #define PACKAGE_BUGREPORT "samtools-help@lists.sourceforge.net"
| #define PACKAGE_URL "http://www.htslib.org/"
| #define HAVE_STDIO_H 1
| #define HAVE_STDLIB_H 1
| #define HAVE_STRING_H 1
| #define HAVE_INTTYPES_H 1
| #define HAVE_STDINT_H 1
| #define HAVE_STRINGS_H 1
| #define HAVE_SYS_STAT_H 1
| #define HAVE_SYS_TYPES_H 1
| #define HAVE_UNISTD_H 1
| #define HAVE_SYS_PARAM_H 1
| #define STDC_HEADERS 1
| #define HAVE_GETPAGESIZE 1
| #define HAVE_MMAP 1
| #define HAVE_GMTIME_R 1
| #define HAVE_FSYNC 1
| #define HAVE_DRAND48 1
| /* end confdefs.h.  */
| 
| int
| main (void)
| {
| (void) strchr;
|   ;
|   return 0;
| }
configure:5299: gcc -c  -Wall -g -O2 -fvisibility=hidden   conftest.c >&5
configure:5299: $? = 0
configure:5316: result: none needed
configure:5331: checking whether fdatasync is declared
configure:5331: gcc -c  -Wall -g -O2 -fvisibility=hidden   conftest.c >&5
conftest.c:60:10: error: use of undeclared identifier 'fdatasync'
  (void) fdatasync;
         ^
1 error generated.
configure:5331: $? = 1
configure: failed program was:
| /* confdefs.h */
| #define PACKAGE_NAME "HTSlib"
| #define PACKAGE_TARNAME "htslib"
| #define PACKAGE_VERSION "1.16-57-gcb8f462"
| #define PACKAGE_STRING "HTSlib 1.16-57-gcb8f462"
| #define PACKAGE_BUGREPORT "samtools-help@lists.sourceforge.net"
| #define PACKAGE_URL "http://www.htslib.org/"
| #define HAVE_STDIO_H 1
| #define HAVE_STDLIB_H 1
| #define HAVE_STRING_H 1
| #define HAVE_INTTYPES_H 1
| #define HAVE_STDINT_H 1
| #define HAVE_STRINGS_H 1
| #define HAVE_SYS_STAT_H 1
| #define HAVE_SYS_TYPES_H 1
| #define HAVE_UNISTD_H 1
| #define HAVE_SYS_PARAM_H 1
| #define STDC_HEADERS 1
| #define HAVE_GETPAGESIZE 1
| #define HAVE_MMAP 1
| #define HAVE_GMTIME_R 1
| #define HAVE_FSYNC 1
| #define HAVE_DRAND48 1
| /* end confdefs.h.  */
| #include <stddef.h>
| #ifdef HAVE_STDIO_H
| # include <stdio.h>
| #endif
| #ifdef HAVE_STDLIB_H
| # include <stdlib.h>
| #endif
| #ifdef HAVE_STRING_H
| # include <string.h>
| #endif
| #ifdef HAVE_INTTYPES_H
| # include <inttypes.h>
| #endif
| #ifdef HAVE_STDINT_H
| # include <stdint.h>
| #endif
| #ifdef HAVE_STRINGS_H
| # include <strings.h>
| #endif
| #ifdef HAVE_SYS_TYPES_H
| # include <sys/types.h>
| #endif
| #ifdef HAVE_SYS_STAT_H
| # include <sys/stat.h>
| #endif
| #ifdef HAVE_UNISTD_H
| # include <unistd.h>
| #endif
| int
| main (void)
| {
| #ifndef fdatasync
| #ifdef __cplusplus
|   (void) fdatasync((int) 0);
| #else
|   (void) fdatasync;
| #endif
| #endif
| 
|   ;
|   return 0;
| }
configure:5331: result: no
configure:5471: checking for library containing log
configure:5501: gcc -o conftest  -Wall -g -O2 -fvisibility=hidden   -fvisibility=hidden conftest.c  >&5
conftest.c:29:6: warning: incompatible redeclaration of library function 'log' [-Wincompatible-library-redeclaration]
char log ();
     ^
conftest.c:29:6: note: 'log' is a builtin with type 'double (double)'
1 warning generated.
configure:5501: $? = 0
configure:5521: result: none required
configure:5542: checking for zlib.h
configure:5542: gcc -c  -Wall -g -O2 -fvisibility=hidden  conftest.c >&5
configure:5542: $? = 0
configure:5542: result: yes
configure:5551: checking for inflate in -lz
configure:5574: gcc -o conftest  -Wall -g -O2 -fvisibility=hidden   -fvisibility=hidden conftest.c -lz   >&5
configure:5574: $? = 0
configure:5584: result: yes
configure:5614: checking for library containing recv
configure:5644: gcc -o conftest  -Wall -g -O2 -fvisibility=hidden   -fvisibility=hidden conftest.c -lz  >&5
configure:5644: $? = 0
configure:5664: result: none required
configure:5712: checking for bzlib.h
configure:5712: gcc -c  -Wall -g -O2 -fvisibility=hidden  conftest.c >&5
configure:5712: $? = 0
configure:5712: result: yes
configure:5721: checking for BZ2_bzBuffToBuffCompress in -lbz2
configure:5744: gcc -o conftest  -Wall -g -O2 -fvisibility=hidden   -fvisibility=hidden conftest.c -lbz2  -lz  >&5
configure:5744: $? = 0
configure:5754: result: yes
configure:5955: checking whether htscodecs files are present
configure:5959: result: yes
configure:6219: WARNING: GCS support not enabled: requires libcurl support
configure:6243: WARNING: S3 support not enabled: requires libcurl support
configure:6362: checking for library containing regcomp
configure:6392: gcc -o conftest  -Wall -g -O2 -fvisibility=hidden   -fvisibility=hidden conftest.c -lbz2 -lz  >&5
configure:6392: $? = 0
configure:6412: result: none required
configure:6422: checking whether PTHREAD_MUTEX_RECURSIVE is declared
configure:6422: gcc -c  -Wall -g -O2 -fvisibility=hidden   conftest.c >&5
configure:6422: $? = 0
configure:6422: result: yes
configure:6589: creating ./config.status

## ---------------------- ##
## Running config.status. ##
## ---------------------- ##

This file was extended by HTSlib config.status 1.16-57-gcb8f462, which was
generated by GNU Autoconf 2.71.  Invocation command line was

  CONFIG_FILES    = 
  CONFIG_HEADERS  = 
  CONFIG_LINKS    = 
  CONFIG_COMMANDS = 
  $ ./config.status 

on Kuan-Haos-MacBook-Pro.local

config.status:846: creating config.mk
config.status:846: creating htslib.pc.tmp
config.status:846: creating config.h
config.status:1016: config.h is unchanged
config.status:1042: linking htscodecs_bundled.mk to htscodecs.mk

## ---------------- ##
## Cache variables. ##
## ---------------- ##

ac_cv_build=aarch64-apple-darwin22.3.0
ac_cv_c_compiler_gnu=yes
ac_cv_c_undeclared_builtin_options='none needed'
ac_cv_env_CC_set=
ac_cv_env_CC_value=
ac_cv_env_CFLAGS_set=
ac_cv_env_CFLAGS_value=
ac_cv_env_CPPFLAGS_set=
ac_cv_env_CPPFLAGS_value=
ac_cv_env_LDFLAGS_set=
ac_cv_env_LDFLAGS_value=
ac_cv_env_LIBS_set=
ac_cv_env_LIBS_value=
ac_cv_env_PKG_CONFIG_LIBDIR_set=
ac_cv_env_PKG_CONFIG_LIBDIR_value=
ac_cv_env_PKG_CONFIG_PATH_set=
ac_cv_env_PKG_CONFIG_PATH_value=
ac_cv_env_PKG_CONFIG_set=
ac_cv_env_PKG_CONFIG_value=
ac_cv_env_build_alias_set=
ac_cv_env_build_alias_value=
ac_cv_env_host_alias_set=
ac_cv_env_host_alias_value=
ac_cv_env_target_alias_set=
ac_cv_env_target_alias_value=
ac_cv_func_drand48=yes
ac_cv_func_fsync=yes
ac_cv_func_getpagesize=yes
ac_cv_func_gmtime_r=yes
ac_cv_func_mmap_fixed_mapped=yes
ac_cv_func_srand48_deterministic=no
ac_cv_have_decl_PTHREAD_MUTEX_RECURSIVE=yes
ac_cv_have_decl_fdatasync_int_=no
ac_cv_header_bzlib_h=yes
ac_cv_header_inttypes_h=yes
ac_cv_header_stdint_h=yes
ac_cv_header_stdio_h=yes
ac_cv_header_stdlib_h=yes
ac_cv_header_string_h=yes
ac_cv_header_strings_h=yes
ac_cv_header_sys_param_h=yes
ac_cv_header_sys_stat_h=yes
ac_cv_header_sys_types_h=yes
ac_cv_header_unistd_h=yes
ac_cv_header_zlib_h=yes
ac_cv_host=aarch64-apple-darwin22.3.0
ac_cv_lib_bz2_BZ2_bzBuffToBuffCompress=yes
ac_cv_lib_z_inflate=yes
ac_cv_objext=o
ac_cv_path_GREP=/usr/bin/grep
ac_cv_path_ac_pt_PKG_CONFIG=/usr/local/bin/pkg-config
ac_cv_prog_ac_ct_CC=gcc
ac_cv_prog_ac_ct_RANLIB=ranlib
ac_cv_prog_cc_c11=
ac_cv_prog_cc_g=yes
ac_cv_prog_cc_stdc=
ac_cv_search_log='none required'
ac_cv_search_recv='none required'
ac_cv_search_regcomp='none required'
ac_cv_sys_file_offset_bits=no
ac_cv_sys_largefile_CC=no
ax_cv_check_cflags___mavx2=no
ax_cv_check_cflags___mavx512f=no
ax_cv_check_cflags___mssse3__mpopcnt__msse4_1=no
hts_cv_check__fvisibility_hidden=yes
hts_cv_have_neon=yes
hts_cv_prog_cc_warnings=-Wall

## ----------------- ##
## Output variables. ##
## ----------------- ##

CC='gcc'
CFLAGS=' -Wall -g -O2 -fvisibility=hidden'
CPPFLAGS=''
CRYPTO_LIBS=''
DEFS='-DHAVE_CONFIG_H'
ECHO_C='\c'
ECHO_N=''
ECHO_T=''
EXEEXT=''
GREP='/usr/bin/grep'
HTSDIRslash_if_relsrcdir='$(HTSDIR)/'
LDFLAGS=' -fvisibility=hidden'
LIBOBJS=''
LIBS='-lbz2 -lz '
LTLIBOBJS=''
OBJEXT='o'
PACKAGE_BUGREPORT='samtools-help@lists.sourceforge.net'
PACKAGE_NAME='HTSlib'
PACKAGE_STRING='HTSlib 1.16-57-gcb8f462'
PACKAGE_TARNAME='htslib'
PACKAGE_URL='http://www.htslib.org/'
PACKAGE_VERSION='1.16-57-gcb8f462'
PATH_SEPARATOR=':'
PKG_CONFIG='/usr/local/bin/pkg-config'
PKG_CONFIG_LIBDIR=''
PKG_CONFIG_PATH=''
PLATFORM='Darwin'
PLUGIN_EXT='.bundle'
RANLIB='ranlib'
SHELL='/bin/sh'
VERSION_SCRIPT_LDFLAGS=''
ac_ct_CC='gcc'
bindir='${exec_prefix}/bin'
build='aarch64-apple-darwin22.3.0'
build_alias=''
build_cpu='aarch64'
build_os='darwin22.3.0'
build_vendor='apple'
datadir='${datarootdir}'
datarootdir='${prefix}/share'
docdir='${datarootdir}/doc/${PACKAGE_TARNAME}'
dvidir='${docdir}'
enable_plugins='no'
exec_prefix='${prefix}'
gcs='disabled'
host='aarch64-apple-darwin22.3.0'
host_alias=''
host_cpu='aarch64'
host_os='darwin22.3.0'
host_vendor='apple'
htmldir='${docdir}'
hts_cflags_avx2=''
hts_cflags_avx512=''
hts_cflags_sse4=''
hts_have_neon='yes'
includedir='${prefix}/include'
infodir='${datarootdir}/info'
libcurl='disabled'
libdir='${exec_prefix}/lib'
libexecdir='${exec_prefix}/libexec'
localedir='${datarootdir}/locale'
localstatedir='${prefix}/var'
mandir='${datarootdir}/man'
oldincludedir='/usr/include'
pc_requires=''
pdfdir='${docdir}'
plugindir='$(libexecdir)/htslib'
pluginpath='$(libexecdir)/htslib'
prefix='/usr/local'
private_LIBS=' -lbz2'
program_transform_name='s,x,x,'
psdir='${docdir}'
runstatedir='${localstatedir}/run'
s3='disabled'
sbindir='${exec_prefix}/sbin'
sharedstatedir='${prefix}/com'
static_LDFLAGS=''
static_LIBS='-lpthread -lz -lm -lbz2'
sysconfdir='${prefix}/etc'
target_alias=''
with_external_htscodecs='no'

## ----------- ##
## confdefs.h. ##
## ----------- ##

/* confdefs.h */
#define PACKAGE_NAME "HTSlib"
#define PACKAGE_TARNAME "htslib"
#define PACKAGE_VERSION "1.16-57-gcb8f462"
#define PACKAGE_STRING "HTSlib 1.16-57-gcb8f462"
#define PACKAGE_BUGREPORT "samtools-help@lists.sourceforge.net"
#define PACKAGE_URL "http://www.htslib.org/"
#define HAVE_STDIO_H 1
#define HAVE_STDLIB_H 1
#define HAVE_STRING_H 1
#define HAVE_INTTYPES_H 1
#define HAVE_STDINT_H 1
#define HAVE_STRINGS_H 1
#define HAVE_SYS_STAT_H 1
#define HAVE_SYS_TYPES_H 1
#define HAVE_UNISTD_H 1
#define HAVE_SYS_PARAM_H 1
#define STDC_HEADERS 1
#define HAVE_GETPAGESIZE 1
#define HAVE_MMAP 1
#define HAVE_GMTIME_R 1
#define HAVE_FSYNC 1
#define HAVE_DRAND48 1
#define HAVE_LIBZ 1
#define HAVE_LIBBZ2 1

configure: exit 0
